{
  "seleniumLog": [
    {
      "commandName": "i_prepare_data_for_testcase",
      "args": [
        "[editAccount]"
      ],
      "result": "success",
      "subLogs": [],
      "duration": -1
    },
    {
      "commandName": "i_click_on",
      "args": [
        "[Accounts Tab]"
      ],
      "result": "fail",
      "subLogs": [
        {
          "commandName": "findElement",
          "args": [
            "{value=//div[@class=\"tabs\"]//a[contains(text(),\"Accounts\")], using=xpath}"
          ],
          "result": "{stacktrace=, error=invalid session id, message=Got unexpected session id null}",
          "subLogs": [],
          "duration": 3
        },
        {
          "commandName": "findElement",
          "args": [
            "{value=//div[@class=\"tabs\"]//a[contains(text(),\"Accounts\")], using=xpath}"
          ],
          "result": "{stacktrace=, error=invalid session id, message=Got unexpected session id null}",
          "subLogs": [],
          "duration": 8
        },
        {
          "commandName": "findElement",
          "args": [
            "{value=//div[@class=\"tabs\"]//a[contains(text(),\"Accounts\")], using=xpath}"
          ],
          "result": "{stacktrace=, error=invalid session id, message=Got unexpected session id null}",
          "subLogs": [],
          "duration": 3
        },
        {
          "commandName": "findElement",
          "args": [
            "{value=//div[@class=\"tabs\"]//a[contains(text(),\"Accounts\")], using=xpath}"
          ],
          "result": "{stacktrace=, error=invalid session id, message=Got unexpected session id null}",
          "subLogs": [],
          "duration": 9
        },
        {
          "commandName": "findElement",
          "args": [
            "{value=//div[@class=\"tabs\"]//a[contains(text(),\"Accounts\")], using=xpath}"
          ],
          "result": "{stacktrace=, error=invalid session id, message=Got unexpected session id null}",
          "subLogs": [],
          "duration": 8
        },
        {
          "commandName": "findElement",
          "args": [
            "{value=//div[@class=\"tabs\"]//a[contains(text(),\"Accounts\")], using=xpath}"
          ],
          "result": "{stacktrace=, error=invalid session id, message=Got unexpected session id null}",
          "subLogs": [],
          "duration": 6
        },
        {
          "commandName": "findElement",
          "args": [
            "{value=//div[@class=\"tabs\"]//a[contains(text(),\"Accounts\")], using=xpath}"
          ],
          "result": "{stacktrace=, error=invalid session id, message=Got unexpected session id null}",
          "subLogs": [],
          "duration": 7
        },
        {
          "commandName": "findElement",
          "args": [
            "{value=//div[@class=\"tabs\"]//a[contains(text(),\"Accounts\")], using=xpath}"
          ],
          "result": "{stacktrace=, error=invalid session id, message=Got unexpected session id null}",
          "subLogs": [],
          "duration": 9
        },
        {
          "commandName": "findElement",
          "args": [
            "{value=//div[@class=\"tabs\"]//a[contains(text(),\"Accounts\")], using=xpath}"
          ],
          "result": "{stacktrace=, error=invalid session id, message=Got unexpected session id null}",
          "subLogs": [],
          "duration": 8
        },
        {
          "commandName": "findElement",
          "args": [
            "{value=//div[@class=\"tabs\"]//a[contains(text(),\"Accounts\")], using=xpath}"
          ],
          "result": "{stacktrace=, error=invalid session id, message=Got unexpected session id null}",
          "subLogs": [],
          "duration": 7
        },
        {
          "commandName": "findElement",
          "args": [
            "{value=//div[@class=\"tabs\"]//a[contains(text(),\"Accounts\")], using=xpath}"
          ],
          "result": "{stacktrace=, error=invalid session id, message=Got unexpected session id null}",
          "subLogs": [],
          "duration": 6
        },
        {
          "commandName": "clickElement",
          "args": [
            "By.xpath: //div[@class=\"tabs\"]//a[contains(text(),\"Accounts\")]",
            "{\"id\":\"-1\"}"
          ],
          "result": "Timed out after 10 seconds waiting for presence of element located by: By.xpath: //div[@class=\"tabs\"]//a[contains(text(),\"Accounts\")]\nBuild info: version: '2.53.0', revision: '35ae25b1534ae328c771e0856c93e187490ca824', time: '2016-03-15 10:43:46'\nSystem info: host: 'DESKTOP-11MOEHU', ip: '10.0.75.1', os.name: 'Windows 10', os.arch: 'amd64', os.version: '10.0', java.version: '1.8.0_221'\nDriver info: driver.version: QAFExtendedWebDriver",
          "subLogs": [],
          "duration": -1895820423
        },
        {
          "commandName": "findElements",
          "args": [
            "{value=//div[@class=\"tabs\"]//a[contains(text(),\"Accounts\")], using=xpath}"
          ],
          "result": "{stacktrace=, error=invalid session id, message=Got unexpected session id null}",
          "subLogs": [],
          "duration": 7
        }
      ],
      "duration": -1
    },
    {
      "commandName": "When I clear the text box \"Search Text Box\"",
      "args": [
        "[Search Text Box]"
      ],
      "result": "Not Run",
      "subLogs": [],
      "duration": -1
    },
    {
      "commandName": "When  I enter \"Account Name\" to the field \"Search Text Box\"",
      "args": [
        "[Account Name, Search Text Box]"
      ],
      "result": "Not Run",
      "subLogs": [],
      "duration": -1
    },
    {
      "commandName": "When I click on \"Account First Result\"",
      "args": [
        "[Account First Result]"
      ],
      "result": "Not Run",
      "subLogs": [],
      "duration": -1
    },
    {
      "commandName": "When I click on \"Edit Account\"",
      "args": [
        "[Edit Account]"
      ],
      "result": "Not Run",
      "subLogs": [],
      "duration": -1
    },
    {
      "commandName": "When  I enter \"New Name\" to the field \"New Account Name\"",
      "args": [
        "[New Name, New Account Name]"
      ],
      "result": "Not Run",
      "subLogs": [],
      "duration": -1
    },
    {
      "commandName": "When  I enter \"${phone}\" to the field \"Account Phone\"",
      "args": [
        "[${phone}, Account Phone]"
      ],
      "result": "Not Run",
      "subLogs": [],
      "duration": -1
    },
    {
      "commandName": "When  I enter \"${email}\" to the field \"Account Email\"",
      "args": [
        "[${email}, Account Email]"
      ],
      "result": "Not Run",
      "subLogs": [],
      "duration": -1
    },
    {
      "commandName": "When I click on \"Save Account\"",
      "args": [
        "[Save Account]"
      ],
      "result": "Not Run",
      "subLogs": [],
      "duration": -1
    },
    {
      "commandName": "When I click on \"Accounts Tab\"",
      "args": [
        "[Accounts Tab]"
      ],
      "result": "Not Run",
      "subLogs": [],
      "duration": -1
    },
    {
      "commandName": "When I enter \"Account Name\" to the field \"Search Text Box\"",
      "args": [
        "[Account Name, Search Text Box]"
      ],
      "result": "Not Run",
      "subLogs": [],
      "duration": -1
    },
    {
      "commandName": "Then I should see \"Account Name\" in \"Search Results\"",
      "args": [
        "[Account Name, Search Results]"
      ],
      "result": "Not Run",
      "subLogs": [],
      "duration": -1
    }
  ],
  "checkPoints": [
    {
      "message": "Given I prepare data for testcase \"editAccount\"",
      "type": "TestStepPass",
      "duration": 3,
      "threshold": 0,
      "subCheckPoints": []
    },
    {
      "message": "When I click on \"Accounts Tab\"",
      "type": "TestStepFail",
      "screenshot": "img/EditAccount_e58752p99pqz56270.png",
      "duration": 10141,
      "threshold": 0,
      "subCheckPoints": [
        {
          "message": "Timed out after 10 seconds waiting for presence of element located by: By.xpath: //div[@class=\"tabs\"]//a[contains(text(),\"Accounts\")]\nBuild info: version: '2.53.0', revision: '35ae25b1534ae328c771e0856c93e187490ca824', time: '2016-03-15 10:43:46'\nSystem info: host: 'DESKTOP-11MOEHU', ip: '10.0.75.1', os.name: 'Windows 10', os.arch: 'amd64', os.version: '10.0', java.version: '1.8.0_221'\nDriver info: driver.version: QAFExtendedWebDriver",
          "type": "Fail",
          "duration": 0,
          "threshold": 0,
          "subCheckPoints": []
        }
      ]
    },
    {
      "message": "When I clear the text box \"Search Text Box\"",
      "type": "TestStep",
      "duration": 0,
      "threshold": 0,
      "subCheckPoints": []
    },
    {
      "message": "When  I enter \"Account Name\" to the field \"Search Text Box\"",
      "type": "TestStep",
      "duration": 0,
      "threshold": 0,
      "subCheckPoints": []
    },
    {
      "message": "When I click on \"Account First Result\"",
      "type": "TestStep",
      "duration": 0,
      "threshold": 0,
      "subCheckPoints": []
    },
    {
      "message": "When I click on \"Edit Account\"",
      "type": "TestStep",
      "duration": 0,
      "threshold": 0,
      "subCheckPoints": []
    },
    {
      "message": "When  I enter \"New Name\" to the field \"New Account Name\"",
      "type": "TestStep",
      "duration": 0,
      "threshold": 0,
      "subCheckPoints": []
    },
    {
      "message": "When  I enter \"${phone}\" to the field \"Account Phone\"",
      "type": "TestStep",
      "duration": 0,
      "threshold": 0,
      "subCheckPoints": []
    },
    {
      "message": "When  I enter \"${email}\" to the field \"Account Email\"",
      "type": "TestStep",
      "duration": 0,
      "threshold": 0,
      "subCheckPoints": []
    },
    {
      "message": "When I click on \"Save Account\"",
      "type": "TestStep",
      "duration": 0,
      "threshold": 0,
      "subCheckPoints": []
    },
    {
      "message": "When I click on \"Accounts Tab\"",
      "type": "TestStep",
      "duration": 0,
      "threshold": 0,
      "subCheckPoints": []
    },
    {
      "message": "When I enter \"Account Name\" to the field \"Search Text Box\"",
      "type": "TestStep",
      "duration": 0,
      "threshold": 0,
      "subCheckPoints": []
    },
    {
      "message": "Then I should see \"Account Name\" in \"Search Results\"",
      "type": "TestStep",
      "duration": 0,
      "threshold": 0,
      "subCheckPoints": []
    }
  ],
  "errorTrace": "org.openqa.selenium.TimeoutException: Timed out after 10 seconds waiting for presence of element located by: By.xpath: //div[@class=\"tabs\"]//a[contains(text(),\"Accounts\")]\nBuild info: version: '2.53.0', revision: '35ae25b1534ae328c771e0856c93e187490ca824', time: '2016-03-15 10:43:46'\nSystem info: host: 'DESKTOP-11MOEHU', ip: '10.0.75.1', os.name: 'Windows 10', os.arch: 'amd64', os.version: '10.0', java.version: '1.8.0_221'\nDriver info: driver.version: QAFExtendedWebDriver\r\n\tat .When I click on \"Accounts Tab\"(scenarios/AccountsModule.feature:28)\r\n\tat com.qmetry.qaf.automation.ui.util.DynamicWait.until(DynamicWait.java:170)\r\n\tat com.qmetry.qaf.automation.ui.webdriver.QAFExtendedWebDriver.load(QAFExtendedWebDriver.java:215)\r\n\tat com.qmetry.qaf.automation.ui.webdriver.QAFExtendedWebElement.load(QAFExtendedWebElement.java:299)\r\n\tat com.qmetry.qaf.automation.ui.webdriver.QAFExtendedWebElement.execute(QAFExtendedWebElement.java:250)\r\n\tat org.openqa.selenium.remote.RemoteWebElement.click(RemoteWebElement.java:85)\r\n\tat com.ffcrm.steps.Steps.i_click_on(Steps.java:73)\r\n\tat com.qmetry.qaf.automation.step.JavaStep.doExecute(JavaStep.java:153)\r\n\tat com.qmetry.qaf.automation.step.BaseTestStep.execute(BaseTestStep.java:149)\r\n\tat com.qmetry.qaf.automation.step.StringTestStep.execute(StringTestStep.java:134)\r\n\tat com.qmetry.qaf.automation.step.client.Scenario.execute(Scenario.java:180)\r\n\tat com.qmetry.qaf.automation.step.client.DataDrivenScenario.scenario(DataDrivenScenario.java:69)\r\n\tat org.apache.maven.surefire.testng.TestNGExecutor.run(TestNGExecutor.java:177)\r\n\tat org.apache.maven.surefire.testng.TestNGXmlTestSuite.execute(TestNGXmlTestSuite.java:92)\r\n\tat org.apache.maven.surefire.testng.TestNGProvider.invoke(TestNGProvider.java:105)\r\n\tat org.apache.maven.surefire.util.ReflectionUtils.invokeMethodWithArray(ReflectionUtils.java:189)\r\n\tat org.apache.maven.surefire.booter.ProviderFactory$ProviderProxy.invoke(ProviderFactory.java:165)\r\n\tat org.apache.maven.surefire.booter.ProviderFactory.invokeProvider(ProviderFactory.java:85)\r\n\tat org.apache.maven.surefire.booter.ForkedBooter.runSuitesInProcess(ForkedBooter.java:103)\r\n\tat org.apache.maven.surefire.booter.ForkedBooter.main(ForkedBooter.java:74)\r\nCaused by: org.openqa.selenium.WebDriverException: Returned value cannot be converted to WebElement: {stacktrace=, error=invalid session id, message=Got unexpected session id null}\nBuild info: version: '2.53.0', revision: '35ae25b1534ae328c771e0856c93e187490ca824', time: '2016-03-15 10:43:46'\nSystem info: host: 'DESKTOP-11MOEHU', ip: '10.0.75.1', os.name: 'Windows 10', os.arch: 'amd64', os.version: '10.0', java.version: '1.8.0_221'\nDriver info: driver.version: QAFExtendedWebDriver\r\n\tat org.openqa.selenium.remote.RemoteWebDriver.findElement(RemoteWebDriver.java:370)\r\n\tat org.openqa.selenium.remote.RemoteWebDriver.findElementByXPath(RemoteWebDriver.java:500)\r\n\tat com.qmetry.qaf.automation.ui.webdriver.QAFExtendedWebDriver.findElementByXPath(QAFExtendedWebDriver.java:399)\r\n\tat com.qmetry.qaf.automation.ui.webdriver.QAFExtendedWebDriver.findElementByXPath(QAFExtendedWebDriver.java:1)\r\n\tat org.openqa.selenium.By$ByXPath.findElement(By.java:361)\r\n\tat org.openqa.selenium.remote.RemoteWebDriver.findElement(RemoteWebDriver.java:355)\r\n\tat com.qmetry.qaf.automation.ui.webdriver.QAFExtendedWebDriver.findElement(QAFExtendedWebDriver.java:170)\r\n\tat com.qmetry.qaf.automation.ui.webdriver.QAFExtendedWebDriver.findElement(QAFExtendedWebDriver.java:1)\r\n\tat org.openqa.selenium.support.ui.ExpectedConditions.findElement(ExpectedConditions.java:899)\r\n\tat org.openqa.selenium.support.ui.ExpectedConditions.access$000(ExpectedConditions.java:41)\r\n\tat org.openqa.selenium.support.ui.ExpectedConditions$6.apply(ExpectedConditions.java:181)\r\n\tat org.openqa.selenium.support.ui.ExpectedConditions$6.apply(ExpectedConditions.java:178)\r\n\tat com.qmetry.qaf.automation.ui.util.DynamicWait.until(DynamicWait.java:149)\r\n\tat com.qmetry.qaf.automation.ui.webdriver.QAFExtendedWebDriver.load(QAFExtendedWebDriver.java:215)\r\n\tat com.qmetry.qaf.automation.ui.webdriver.QAFExtendedWebElement.load(QAFExtendedWebElement.java:299)\r\n\tat com.qmetry.qaf.automation.ui.webdriver.QAFExtendedWebElement.execute(QAFExtendedWebElement.java:250)\r\n\tat org.openqa.selenium.remote.RemoteWebElement.click(RemoteWebElement.java:85)\r\n\tat com.ffcrm.steps.Steps.i_click_on(Steps.java:73)\r\n\tat sun.reflect.NativeMethodAccessorImpl.invoke0(Native Method)\r\n\tat sun.reflect.NativeMethodAccessorImpl.invoke(NativeMethodAccessorImpl.java:62)\r\n\tat sun.reflect.DelegatingMethodAccessorImpl.invoke(DelegatingMethodAccessorImpl.java:43)\r\n\tat java.lang.reflect.Method.invoke(Method.java:498)\r\n\tat com.qmetry.qaf.automation.step.JavaStep.doExecute(JavaStep.java:153)\r\n\tat com.qmetry.qaf.automation.step.BaseTestStep.execute(BaseTestStep.java:149)\r\n\tat com.qmetry.qaf.automation.step.StringTestStep.execute(StringTestStep.java:134)\r\n\tat com.qmetry.qaf.automation.step.client.Scenario.execute(Scenario.java:180)\r\n\tat com.qmetry.qaf.automation.step.client.DataDrivenScenario.scenario(DataDrivenScenario.java:69)\r\n\tat sun.reflect.NativeMethodAccessorImpl.invoke0(Native Method)\r\n\tat sun.reflect.NativeMethodAccessorImpl.invoke(NativeMethodAccessorImpl.java:62)\r\n\tat sun.reflect.DelegatingMethodAccessorImpl.invoke(DelegatingMethodAccessorImpl.java:43)\r\n\tat java.lang.reflect.Method.invoke(Method.java:498)\r\n\tat org.testng.internal.MethodInvocationHelper.invokeMethod(MethodInvocationHelper.java:104)\r\n\tat org.testng.internal.Invoker.invokeMethod(Invoker.java:645)\r\n\tat org.testng.internal.Invoker.invokeTestMethod(Invoker.java:851)\r\n\tat org.testng.internal.Invoker.invokeTestMethods(Invoker.java:1177)\r\n\tat org.testng.internal.TestMethodWorker.invokeTestMethods(TestMethodWorker.java:129)\r\n\tat org.testng.internal.TestMethodWorker.run(TestMethodWorker.java:112)\r\n\tat org.testng.TestRunner.privateRun(TestRunner.java:781)\r\n\tat org.testng.TestRunner.run(TestRunner.java:635)\r\n\tat org.testng.SuiteRunner.runTest(SuiteRunner.java:387)\r\n\tat org.testng.SuiteRunner.runSequentially(SuiteRunner.java:382)\r\n\tat org.testng.SuiteRunner.privateRun(SuiteRunner.java:340)\r\n\tat org.testng.SuiteRunner.run(SuiteRunner.java:289)\r\n\tat org.testng.SuiteRunnerWorker.runSuite(SuiteRunnerWorker.java:52)\r\n\tat org.testng.SuiteRunnerWorker.run(SuiteRunnerWorker.java:86)\r\n\tat org.testng.TestNG.runSuitesSequentially(TestNG.java:1293)\r\n\tat org.testng.TestNG.runSuitesLocally(TestNG.java:1218)\r\n\tat org.testng.TestNG.runSuites(TestNG.java:1133)\r\n\tat org.testng.TestNG.run(TestNG.java:1104)\r\n\tat org.apache.maven.surefire.testng.TestNGExecutor.run(TestNGExecutor.java:177)\r\n\tat org.apache.maven.surefire.testng.TestNGXmlTestSuite.execute(TestNGXmlTestSuite.java:92)\r\n\tat org.apache.maven.surefire.testng.TestNGProvider.invoke(TestNGProvider.java:105)\r\n\tat sun.reflect.NativeMethodAccessorImpl.invoke0(Native Method)\r\n\tat sun.reflect.NativeMethodAccessorImpl.invoke(NativeMethodAccessorImpl.java:62)\r\n\tat sun.reflect.DelegatingMethodAccessorImpl.invoke(DelegatingMethodAccessorImpl.java:43)\r\n\tat java.lang.reflect.Method.invoke(Method.java:498)\r\n\t... 5 more\r\nCaused by: java.lang.ClassCastException: com.google.common.collect.Maps$TransformedEntriesMap cannot be cast to org.openqa.selenium.WebElement\r\n\tat org.openqa.selenium.remote.RemoteWebDriver.findElement(RemoteWebDriver.java:368)\r\n\t... 60 more\r\n"
}